{"/home/prkpndy/Newzera/Projects/project3-sample-react-native-app/ShareYourStory/constants.js": {"path":"/home/prkpndy/Newzera/Projects/project3-sample-react-native-app/ShareYourStory/constants.js","statementMap":{},"fnMap":{},"branchMap":{},"s":{},"f":{},"b":{},"_coverageSchema":"1a1c01bbd47fc00a2c39e90264f33305004495a9","hash":"a0de6b65d1404e83bc1b43e2b84b9a0ec8bd332d"}
,"/home/prkpndy/Newzera/Projects/project3-sample-react-native-app/ShareYourStory/App/DetailsContext.js": {"path":"/home/prkpndy/Newzera/Projects/project3-sample-react-native-app/ShareYourStory/App/DetailsContext.js","statementMap":{"0":{"start":{"line":3,"column":23},"end":{"line":3,"column":44}}},"fnMap":{},"branchMap":{},"s":{"0":2},"f":{},"b":{},"_coverageSchema":"1a1c01bbd47fc00a2c39e90264f33305004495a9","hash":"a5238f24cb40525ada085b5719b636e43645f695"}
,"/home/prkpndy/Newzera/Projects/project3-sample-react-native-app/ShareYourStory/App/Components/ProfilePicture.js": {"path":"/home/prkpndy/Newzera/Projects/project3-sample-react-native-app/ShareYourStory/App/Components/ProfilePicture.js","statementMap":{"0":{"start":{"line":7,"column":23},"end":{"line":39,"column":1}},"1":{"start":{"line":8,"column":24},"end":{"line":8,"column":50}},"2":{"start":{"line":10,"column":4},"end":{"line":26,"column":5}},"3":{"start":{"line":11,"column":8},"end":{"line":25,"column":10}},"4":{"start":{"line":27,"column":4},"end":{"line":38,"column":6}},"5":{"start":{"line":41,"column":15},"end":{"line":52,"column":2}}},"fnMap":{"0":{"name":"(anonymous_0)","decl":{"start":{"line":7,"column":23},"end":{"line":7,"column":24}},"loc":{"start":{"line":7,"column":32},"end":{"line":39,"column":1}},"line":7}},"branchMap":{"0":{"loc":{"start":{"line":10,"column":4},"end":{"line":26,"column":5}},"type":"if","locations":[{"start":{"line":10,"column":4},"end":{"line":26,"column":5}},{"start":{"line":10,"column":4},"end":{"line":26,"column":5}}],"line":10},"1":{"loc":{"start":{"line":18,"column":20},"end":{"line":22,"column":30}},"type":"cond-expr","locations":[{"start":{"line":19,"column":26},"end":{"line":19,"column":39}},{"start":{"line":20,"column":26},"end":{"line":22,"column":30}}],"line":18},"2":{"loc":{"start":{"line":20,"column":26},"end":{"line":22,"column":30}},"type":"cond-expr","locations":[{"start":{"line":21,"column":26},"end":{"line":21,"column":37}},{"start":{"line":22,"column":26},"end":{"line":22,"column":30}}],"line":20},"3":{"loc":{"start":{"line":30,"column":16},"end":{"line":34,"column":38}},"type":"cond-expr","locations":[{"start":{"line":31,"column":22},"end":{"line":31,"column":61}},{"start":{"line":32,"column":22},"end":{"line":34,"column":38}}],"line":30},"4":{"loc":{"start":{"line":32,"column":22},"end":{"line":34,"column":38}},"type":"cond-expr","locations":[{"start":{"line":33,"column":22},"end":{"line":33,"column":59}},{"start":{"line":34,"column":22},"end":{"line":34,"column":38}}],"line":32}},"s":{"0":1,"1":1,"2":1,"3":0,"4":1,"5":1},"f":{"0":1},"b":{"0":[0,1],"1":[0,0],"2":[0,0],"3":[1,0],"4":[0,0]},"_coverageSchema":"1a1c01bbd47fc00a2c39e90264f33305004495a9","hash":"0786252f15fc58a2c4141c8c45f45cca4a1c7f4b"}
,"/home/prkpndy/Newzera/Projects/project3-sample-react-native-app/ShareYourStory/App/Components/ProgressBar.js": {"path":"/home/prkpndy/Newzera/Projects/project3-sample-react-native-app/ShareYourStory/App/Components/ProgressBar.js","statementMap":{"0":{"start":{"line":5,"column":26},"end":{"line":5,"column":34}},"1":{"start":{"line":7,"column":4},"end":{"line":9,"column":19}},"2":{"start":{"line":8,"column":8},"end":{"line":8,"column":41}},"3":{"start":{"line":11,"column":4},"end":{"line":19,"column":16}},"4":{"start":{"line":13,"column":12},"end":{"line":13,"column":36}},"5":{"start":{"line":15,"column":8},"end":{"line":18,"column":9}},"6":{"start":{"line":16,"column":21},"end":{"line":16,"column":45}},"7":{"start":{"line":17,"column":12},"end":{"line":17,"column":43}},"8":{"start":{"line":17,"column":25},"end":{"line":17,"column":42}},"9":{"start":{"line":22,"column":20},"end":{"line":56,"column":1}},"10":{"start":{"line":23,"column":20},"end":{"line":23,"column":49}},"11":{"start":{"line":24,"column":36},"end":{"line":24,"column":47}},"12":{"start":{"line":25,"column":4},"end":{"line":31,"column":11}},"13":{"start":{"line":26,"column":8},"end":{"line":30,"column":9}},"14":{"start":{"line":27,"column":12},"end":{"line":27,"column":38}},"15":{"start":{"line":29,"column":12},"end":{"line":29,"column":33}},"16":{"start":{"line":33,"column":4},"end":{"line":39,"column":19}},"17":{"start":{"line":34,"column":8},"end":{"line":38,"column":19}},"18":{"start":{"line":41,"column":18},"end":{"line":45,"column":6}},"19":{"start":{"line":46,"column":4},"end":{"line":55,"column":6}},"20":{"start":{"line":60,"column":15},"end":{"line":69,"column":2}}},"fnMap":{"0":{"name":"useInterval","decl":{"start":{"line":4,"column":9},"end":{"line":4,"column":20}},"loc":{"start":{"line":4,"column":38},"end":{"line":20,"column":1}},"line":4},"1":{"name":"(anonymous_1)","decl":{"start":{"line":7,"column":14},"end":{"line":7,"column":15}},"loc":{"start":{"line":7,"column":20},"end":{"line":9,"column":5}},"line":7},"2":{"name":"(anonymous_2)","decl":{"start":{"line":11,"column":14},"end":{"line":11,"column":15}},"loc":{"start":{"line":11,"column":20},"end":{"line":19,"column":5}},"line":11},"3":{"name":"tick","decl":{"start":{"line":12,"column":17},"end":{"line":12,"column":21}},"loc":{"start":{"line":12,"column":24},"end":{"line":14,"column":9}},"line":12},"4":{"name":"(anonymous_4)","decl":{"start":{"line":17,"column":19},"end":{"line":17,"column":20}},"loc":{"start":{"line":17,"column":25},"end":{"line":17,"column":42}},"line":17},"5":{"name":"(anonymous_5)","decl":{"start":{"line":22,"column":20},"end":{"line":22,"column":21}},"loc":{"start":{"line":22,"column":29},"end":{"line":56,"column":1}},"line":22},"6":{"name":"(anonymous_6)","decl":{"start":{"line":25,"column":16},"end":{"line":25,"column":17}},"loc":{"start":{"line":25,"column":22},"end":{"line":31,"column":5}},"line":25},"7":{"name":"(anonymous_7)","decl":{"start":{"line":33,"column":14},"end":{"line":33,"column":15}},"loc":{"start":{"line":33,"column":20},"end":{"line":39,"column":5}},"line":33}},"branchMap":{"0":{"loc":{"start":{"line":15,"column":8},"end":{"line":18,"column":9}},"type":"if","locations":[{"start":{"line":15,"column":8},"end":{"line":18,"column":9}},{"start":{"line":15,"column":8},"end":{"line":18,"column":9}}],"line":15},"1":{"loc":{"start":{"line":26,"column":8},"end":{"line":30,"column":9}},"type":"if","locations":[{"start":{"line":26,"column":8},"end":{"line":30,"column":9}},{"start":{"line":26,"column":8},"end":{"line":30,"column":9}}],"line":26}},"s":{"0":1,"1":1,"2":0,"3":1,"4":0,"5":0,"6":0,"7":0,"8":0,"9":1,"10":1,"11":1,"12":1,"13":0,"14":0,"15":0,"16":1,"17":0,"18":1,"19":1,"20":1},"f":{"0":1,"1":0,"2":0,"3":0,"4":0,"5":1,"6":0,"7":0},"b":{"0":[0,0],"1":[0,0]},"_coverageSchema":"1a1c01bbd47fc00a2c39e90264f33305004495a9","hash":"64efa7f544e577dd940551909a11ae6e30f24a45"}
,"/home/prkpndy/Newzera/Projects/project3-sample-react-native-app/ShareYourStory/App/Components/UserDetails.js": {"path":"/home/prkpndy/Newzera/Projects/project3-sample-react-native-app/ShareYourStory/App/Components/UserDetails.js","statementMap":{"0":{"start":{"line":6,"column":25},"end":{"line":6,"column":67}},"1":{"start":{"line":8,"column":20},"end":{"line":24,"column":1}},"2":{"start":{"line":9,"column":24},"end":{"line":9,"column":50}},"3":{"start":{"line":11,"column":4},"end":{"line":23,"column":6}},"4":{"start":{"line":14,"column":16},"end":{"line":20,"column":17}},"5":{"start":{"line":15,"column":20},"end":{"line":19,"column":22}},"6":{"start":{"line":26,"column":15},"end":{"line":30,"column":2}}},"fnMap":{"0":{"name":"(anonymous_0)","decl":{"start":{"line":8,"column":20},"end":{"line":8,"column":21}},"loc":{"start":{"line":8,"column":26},"end":{"line":24,"column":1}},"line":8},"1":{"name":"(anonymous_1)","decl":{"start":{"line":13,"column":34},"end":{"line":13,"column":35}},"loc":{"start":{"line":13,"column":43},"end":{"line":21,"column":13}},"line":13}},"branchMap":{"0":{"loc":{"start":{"line":14,"column":16},"end":{"line":20,"column":17}},"type":"if","locations":[{"start":{"line":14,"column":16},"end":{"line":20,"column":17}},{"start":{"line":14,"column":16},"end":{"line":20,"column":17}}],"line":14}},"s":{"0":1,"1":1,"2":1,"3":1,"4":4,"5":4,"6":1},"f":{"0":1,"1":4},"b":{"0":[4,0]},"_coverageSchema":"1a1c01bbd47fc00a2c39e90264f33305004495a9","hash":"2ff4450891fc20b4a4e6e12ae868e8a7ce0a437e"}
,"/home/prkpndy/Newzera/Projects/project3-sample-react-native-app/ShareYourStory/App/res/images/noProfilePicture.png": {"path":"/home/prkpndy/Newzera/Projects/project3-sample-react-native-app/ShareYourStory/App/res/images/noProfilePicture.png","statementMap":{"0":{"start":{"line":1,"column":0},"end":{"line":4,"column":6}}},"fnMap":{},"branchMap":{},"s":{"0":1},"f":{},"b":{},"inputSourceMap":null,"_coverageSchema":"1a1c01bbd47fc00a2c39e90264f33305004495a9","hash":"ad0f3ea4d35b3e1fcf5323a87a98c169934c0e69"}
}
