TN:
SF:constants.js
FNF:0
FNH:0
LF:0
LH:0
BRF:0
BRH:0
end_of_record
TN:
SF:App/DetailsContext.js
FNF:0
FNH:0
DA:3,2
LF:1
LH:1
BRF:0
BRH:0
end_of_record
TN:
SF:App/Components/ProfilePicture.js
FN:7,(anonymous_0)
FNF:1
FNH:1
FNDA:1,(anonymous_0)
DA:7,1
DA:8,1
DA:10,1
DA:11,0
DA:27,1
DA:41,1
LF:6
LH:5
BRDA:10,0,0,0
BRDA:10,0,1,1
BRDA:18,1,0,0
BRDA:18,1,1,0
BRDA:20,2,0,0
BRDA:20,2,1,0
BRDA:30,3,0,1
BRDA:30,3,1,0
BRDA:32,4,0,0
BRDA:32,4,1,0
BRF:10
BRH:2
end_of_record
TN:
SF:App/Components/ProgressBar.js
FN:4,useInterval
FN:7,(anonymous_1)
FN:11,(anonymous_2)
FN:12,tick
FN:17,(anonymous_4)
FN:22,(anonymous_5)
FN:25,(anonymous_6)
FN:33,(anonymous_7)
FNF:8
FNH:2
FNDA:1,useInterval
FNDA:0,(anonymous_1)
FNDA:0,(anonymous_2)
FNDA:0,tick
FNDA:0,(anonymous_4)
FNDA:1,(anonymous_5)
FNDA:0,(anonymous_6)
FNDA:0,(anonymous_7)
DA:5,1
DA:7,1
DA:8,0
DA:11,1
DA:13,0
DA:15,0
DA:16,0
DA:17,0
DA:22,1
DA:23,1
DA:24,1
DA:25,1
DA:26,0
DA:27,0
DA:29,0
DA:33,1
DA:34,0
DA:41,1
DA:46,1
DA:60,1
LF:20
LH:11
BRDA:15,0,0,0
BRDA:15,0,1,0
BRDA:26,1,0,0
BRDA:26,1,1,0
BRF:4
BRH:0
end_of_record
TN:
SF:App/Components/UserDetails.js
FN:8,(anonymous_0)
FN:13,(anonymous_1)
FNF:2
FNH:2
FNDA:1,(anonymous_0)
FNDA:4,(anonymous_1)
DA:6,1
DA:8,1
DA:9,1
DA:11,1
DA:14,4
DA:15,4
DA:26,1
LF:7
LH:7
BRDA:14,0,0,4
BRDA:14,0,1,0
BRF:2
BRH:1
end_of_record
TN:
SF:App/res/images/noProfilePicture.png
FNF:0
FNH:0
DA:1,1
LF:1
LH:1
BRF:0
BRH:0
end_of_record
